Fr 17. Mär 23:59:08 CET 2023 WAR WEBPAGE.sh has lockfile but is not running!
Fr 17. Mär 23:59:08 CET 2023 startup /opt/lissi/fc/WEBPAGE.sh with ARG1 WEB_stopstream
PLAYERCFG=/opt/lissi/fc/DEVICE.cfg
ARG1=WEB_stopstream
Fr 17. Mär 23:59:08 CET 2023 INF WEBPAGE.sh using url from /opt/lissi/fc/media/brause/WEB_stopstream.sh.cfg!
DEVICE=0123456789ABCDEF
URL=NIL
PIC=http://it-userdesk.de/dl/mediathek/radio/ausklang.m3u
Fr 17. Mär 23:59:08 CET 2023 INF WEBPAGE.sh app in foreground is:   mCurrentFocus=Window{12845455 u0 org.videolan.vlc/org.videolan.vlc.gui.onboarding.OnboardingActivity}
Fr 17. Mär 23:59:08 CET 2023 INF WEBPAGE.sh no webcall, just stop background.
Fr 17. Mär 23:59:08 CET 2023 INF WEBPAGE.sh try to call vlc and exit.
Fr 17. Mär 23:59:26 CET 2023 WAR WEBPAGE.sh has lockfile but is not running!
Fr 17. Mär 23:59:26 CET 2023 startup /opt/lissi/fc/WEBPAGE.sh with ARG1 WEB_stopstream
PLAYERCFG=/opt/lissi/fc/DEVICE.cfg
ARG1=WEB_stopstream
Fr 17. Mär 23:59:26 CET 2023 INF WEBPAGE.sh using url from /opt/lissi/fc/media/brause/WEB_stopstream.sh.cfg!
DEVICE=0123456789ABCDEF
URL=NIL
PIC=http://it-userdesk.de/dl/mediathek/radio/ausklang.m3u
Fr 17. Mär 23:59:27 CET 2023 INF WEBPAGE.sh app in foreground is:   mCurrentFocus=Window{12845455 u0 org.videolan.vlc/org.videolan.vlc.gui.onboarding.OnboardingActivity}
Fr 17. Mär 23:59:27 CET 2023 INF WEBPAGE.sh no webcall, just stop background.
Fr 17. Mär 23:59:27 CET 2023 INF WEBPAGE.sh try to call vlc and exit.
Sa 18. Mär 00:00:01 CET 2023 WAR WEBPAGE.sh has lockfile but is not running!
Sa 18. Mär 00:00:01 CET 2023 startup /opt/lissi/fc/WEBPAGE.sh with ARG1 WEB_2Bundesliga
PLAYERCFG=/opt/lissi/fc/DEVICE.cfg
ARG1=WEB_2Bundesliga
Sa 18. Mär 00:00:01 CET 2023 INF WEBPAGE.sh using url from /opt/lissi/fc/media/brause/WEB_2Bundesliga.sh.cfg!
DEVICE=0123456789ABCDEF
URL=http://it-userdesk.de/dl/mediathek/radio/1lidiggi.m3u
PIC=https://mobiltext.wdr.de/228.html
Sa 18. Mär 00:00:01 CET 2023 INF WEBPAGE.sh app in foreground is:   mCurrentFocus=Window{2c62bd78 u0 dream}
Sa 18. Mär 00:00:02 CET 2023 INF WEBPAGE.sh try to call webpage https://mobiltext.wdr.de/228.html.
Sa 18. Mär 00:00:03 CET 2023 INF WEBPAGE.sh Stream is already playing skip recall.
Sa 18. Mär 00:00:06 CET 2023 WAR WEBPAGE.sh has lockfile but is not running!
Sa 18. Mär 00:00:06 CET 2023 startup /opt/lissi/fc/WEBPAGE.sh with ARG1 WEB_3Bundesliga
PLAYERCFG=/opt/lissi/fc/DEVICE.cfg
ARG1=WEB_3Bundesliga
Sa 18. Mär 00:00:06 CET 2023 INF WEBPAGE.sh using url from /opt/lissi/fc/media/brause/WEB_3Bundesliga.sh.cfg!
DEVICE=0123456789ABCDEF
URL=http://it-userdesk.de/dl/mediathek/radio/1lidiggi.m3u
PIC=https://mobiltext.wdr.de/231.html
Sa 18. Mär 00:00:06 CET 2023 INF WEBPAGE.sh app in foreground is:   mCurrentFocus=Window{2c8e8267 u0 com.android.browser/com.android.browser.BrowserActivity}
Sa 18. Mär 00:00:06 CET 2023 INF WEBPAGE.sh try to call webpage https://mobiltext.wdr.de/231.html.
Sa 18. Mär 00:00:07 CET 2023 INF WEBPAGE.sh Stream is already playing skip recall.
Sa 18. Mär 00:00:09 CET 2023 WAR WEBPAGE.sh has lockfile but is not running!
Sa 18. Mär 00:00:09 CET 2023 startup /opt/lissi/fc/WEBPAGE.sh with ARG1 WEB_RLW
PLAYERCFG=/opt/lissi/fc/DEVICE.cfg
ARG1=WEB_RLW
Sa 18. Mär 00:00:09 CET 2023 INF WEBPAGE.sh using url from /opt/lissi/fc/media/brause/WEB_RLW.sh.cfg!
DEVICE=0123456789ABCDEF
URL=http://it-userdesk.de/dl/mediathek/radio/1lidiggi.m3u
PIC=https://mobiltext.wdr.de/233.html
Sa 18. Mär 00:00:10 CET 2023 INF WEBPAGE.sh app in foreground is:   mCurrentFocus=Window{2c8e8267 u0 com.android.browser/com.android.browser.BrowserActivity}
Sa 18. Mär 00:00:10 CET 2023 INF WEBPAGE.sh try to call webpage https://mobiltext.wdr.de/233.html.
Sa 18. Mär 00:00:10 CET 2023 INF WEBPAGE.sh Stream is already playing skip recall.
Sa 18. Mär 00:07:15 CET 2023 WAR WEBPAGE.sh has lockfile but is not running!
Sa 18. Mär 00:07:15 CET 2023 startup /opt/lissi/fc/WEBPAGE.sh with ARG1 WEB_3Bundesliga
PLAYERCFG=/opt/lissi/fc/DEVICE.cfg
ARG1=WEB_3Bundesliga
Sa 18. Mär 00:07:16 CET 2023 INF WEBPAGE.sh using url from /opt/lissi/fc/media/brause/WEB_3Bundesliga.sh.cfg!
DEVICE=0123456789ABCDEF
URL=http://it-userdesk.de/dl/mediathek/radio/1lidiggi.m3u
PIC=https://mobiltext.wdr.de/231.html
Sa 18. Mär 00:07:16 CET 2023 INF WEBPAGE.sh app in foreground is:   mCurrentFocus=Window{3f21e9a u0 dream}
Sa 18. Mär 00:07:17 CET 2023 INF WEBPAGE.sh try to call webpage https://mobiltext.wdr.de/231.html.
Sa 18. Mär 00:07:18 CET 2023 INF WEBPAGE.sh Stream is already playing skip recall.
Sa 18. Mär 00:07:23 CET 2023 WAR WEBPAGE.sh has lockfile but is not running!
Sa 18. Mär 00:07:23 CET 2023 startup /opt/lissi/fc/WEBPAGE.sh with ARG1 WEB_stopstream
PLAYERCFG=/opt/lissi/fc/DEVICE.cfg
ARG1=WEB_stopstream
Sa 18. Mär 00:07:23 CET 2023 INF WEBPAGE.sh using url from /opt/lissi/fc/media/brause/WEB_stopstream.sh.cfg!
DEVICE=0123456789ABCDEF
URL=http://it-userdesk.de/dl/mediathek/radio/ausklang.m3u
PIC=NIL
Sa 18. Mär 00:07:24 CET 2023 INF WEBPAGE.sh app in foreground is:   mCurrentFocus=Window{2c8e8267 u0 com.android.browser/com.android.browser.BrowserActivity}
Sa 18. Mär 00:07:24 CET 2023 INF WEBPAGE.sh no webcall, just stop background.
Sa 18. Mär 00:07:24 CET 2023 INF WEBPAGE.sh try to call vlc and exit.
Sa 18. Mär 00:07:41 CET 2023 WAR WEBPAGE.sh has lockfile but is not running!
Sa 18. Mär 00:07:41 CET 2023 startup /opt/lissi/fc/WEBPAGE.sh with ARG1 WEB_stopstream
PLAYERCFG=/opt/lissi/fc/DEVICE.cfg
ARG1=WEB_stopstream
Sa 18. Mär 00:07:41 CET 2023 INF WEBPAGE.sh using url from /opt/lissi/fc/media/brause/WEB_stopstream.sh.cfg!
DEVICE=0123456789ABCDEF
URL=http://it-userdesk.de/dl/mediathek/radio/ausklang.m3u
PIC=NIL
Sa 18. Mär 00:07:42 CET 2023 INF WEBPAGE.sh app in foreground is:   mCurrentFocus=Window{12845455 u0 org.videolan.vlc/org.videolan.vlc.gui.onboarding.OnboardingActivity}
Sa 18. Mär 00:07:42 CET 2023 INF WEBPAGE.sh no webcall, just stop background.
Sa 18. Mär 00:07:42 CET 2023 INF WEBPAGE.sh try to call vlc and exit.
Sa 18. Mär 00:08:11 CET 2023 WAR WEBPAGE.sh has lockfile but is not running!
Sa 18. Mär 00:08:11 CET 2023 startup /opt/lissi/fc/WEBPAGE.sh with ARG1 WEB_1Bundesliga
PLAYERCFG=/opt/lissi/fc/DEVICE.cfg
ARG1=WEB_1Bundesliga
Sa 18. Mär 00:08:11 CET 2023 WAR WEBPAGE.sh duplicate files found for WEB_1Bundesliga.sh.cfg!
Sa 18. Mär 00:08:11 CET 2023 INF WEBPAGE.sh using url from /opt/lissi/fc/WEB_1Bundesliga.sh.cfg!
DEVICE=0123456789ABCDEF
URL=http://it-userdesk.de/dl/mediathek/radio/1lidiggi.m3u
PIC=https://mobiltext.wdr.de/225.html
Sa 18. Mär 00:08:11 CET 2023 INF WEBPAGE.sh app in foreground is:   mCurrentFocus=Window{12845455 u0 org.videolan.vlc/org.videolan.vlc.gui.onboarding.OnboardingActivity}
Sa 18. Mär 00:08:11 CET 2023 INF WEBPAGE.sh try to call webpage https://mobiltext.wdr.de/225.html.
Sa 18. Mär 00:08:12 CET 2023 INF try to call vlc.
Sa 18. Mär 00:08:13 CET 2023 INF /opt/lissi/fc/WEBPAGE.sh done.
Sa 18. Mär 00:08:20 CET 2023 startup /opt/lissi/fc/WEBPAGE.sh with ARG1 WEB_2Bundesliga
PLAYERCFG=/opt/lissi/fc/DEVICE.cfg
ARG1=WEB_2Bundesliga
Sa 18. Mär 00:08:20 CET 2023 INF WEBPAGE.sh using url from /opt/lissi/fc/media/brause/WEB_2Bundesliga.sh.cfg!
DEVICE=0123456789ABCDEF
URL=http://it-userdesk.de/dl/mediathek/radio/1lidiggi.m3u
PIC=https://mobiltext.wdr.de/228.html
Sa 18. Mär 00:08:20 CET 2023 INF WEBPAGE.sh app in foreground is:   mCurrentFocus=Window{b48b334 u0 dream}
Sa 18. Mär 00:08:21 CET 2023 INF WEBPAGE.sh try to call webpage https://mobiltext.wdr.de/228.html.
Sa 18. Mär 00:08:22 CET 2023 INF WEBPAGE.sh Stream is already playing skip recall.
Sa 18. Mär 00:08:33 CET 2023 WAR WEBPAGE.sh has lockfile but is not running!
Sa 18. Mär 00:08:33 CET 2023 startup /opt/lissi/fc/WEBPAGE.sh with ARG1 WEB_1Bundesliga
PLAYERCFG=/opt/lissi/fc/DEVICE.cfg
ARG1=WEB_1Bundesliga
Sa 18. Mär 00:08:33 CET 2023 WAR WEBPAGE.sh duplicate files found for WEB_1Bundesliga.sh.cfg!
Sa 18. Mär 00:08:33 CET 2023 INF WEBPAGE.sh using url from /opt/lissi/fc/WEB_1Bundesliga.sh.cfg!
DEVICE=0123456789ABCDEF
URL=http://it-userdesk.de/dl/mediathek/radio/1lidiggi.m3u
PIC=https://mobiltext.wdr.de/225.html
Sa 18. Mär 00:08:33 CET 2023 INF WEBPAGE.sh app in foreground is:   mCurrentFocus=Window{2c8e8267 u0 com.android.browser/com.android.browser.BrowserActivity}
Sa 18. Mär 00:08:33 CET 2023 INF WEBPAGE.sh try to call webpage https://mobiltext.wdr.de/225.html.
Sa 18. Mär 00:08:34 CET 2023 INF WEBPAGE.sh Stream is already playing skip recall.
Sa 18. Mär 00:08:45 CET 2023 WAR WEBPAGE.sh has lockfile but is not running!
Sa 18. Mär 00:08:45 CET 2023 startup /opt/lissi/fc/WEBPAGE.sh with ARG1 WEB_RLW
PLAYERCFG=/opt/lissi/fc/DEVICE.cfg
ARG1=WEB_RLW
Sa 18. Mär 00:08:45 CET 2023 INF WEBPAGE.sh using url from /opt/lissi/fc/media/brause/WEB_RLW.sh.cfg!
DEVICE=0123456789ABCDEF
URL=http://it-userdesk.de/dl/mediathek/radio/1lidiggi.m3u
PIC=https://mobiltext.wdr.de/233.html
Sa 18. Mär 00:08:45 CET 2023 INF WEBPAGE.sh app in foreground is:   mCurrentFocus=Window{2c8e8267 u0 com.android.browser/com.android.browser.BrowserActivity}
Sa 18. Mär 00:08:45 CET 2023 INF WEBPAGE.sh try to call webpage https://mobiltext.wdr.de/233.html.
Sa 18. Mär 00:08:46 CET 2023 INF WEBPAGE.sh Stream is already playing skip recall.
Sa 18. Mär 00:08:48 CET 2023 WAR WEBPAGE.sh has lockfile but is not running!
Sa 18. Mär 00:08:48 CET 2023 startup /opt/lissi/fc/WEBPAGE.sh with ARG1 WEB_1Bundesliga
PLAYERCFG=/opt/lissi/fc/DEVICE.cfg
ARG1=WEB_1Bundesliga
Sa 18. Mär 00:08:48 CET 2023 WAR WEBPAGE.sh duplicate files found for WEB_1Bundesliga.sh.cfg!
Sa 18. Mär 00:08:48 CET 2023 INF WEBPAGE.sh using url from /opt/lissi/fc/WEB_1Bundesliga.sh.cfg!
DEVICE=0123456789ABCDEF
URL=http://it-userdesk.de/dl/mediathek/radio/1lidiggi.m3u
PIC=https://mobiltext.wdr.de/225.html
Sa 18. Mär 00:08:48 CET 2023 INF WEBPAGE.sh app in foreground is:   mCurrentFocus=Window{2c8e8267 u0 com.android.browser/com.android.browser.BrowserActivity}
Sa 18. Mär 00:08:48 CET 2023 INF WEBPAGE.sh try to call webpage https://mobiltext.wdr.de/225.html.
Sa 18. Mär 00:08:49 CET 2023 INF WEBPAGE.sh Stream is already playing skip recall.
Sa 18. Mär 00:08:51 CET 2023 WAR WEBPAGE.sh has lockfile but is not running!
Sa 18. Mär 00:08:51 CET 2023 startup /opt/lissi/fc/WEBPAGE.sh with ARG1 WEB_2Bundesliga
PLAYERCFG=/opt/lissi/fc/DEVICE.cfg
ARG1=WEB_2Bundesliga
Sa 18. Mär 00:08:51 CET 2023 INF WEBPAGE.sh using url from /opt/lissi/fc/media/brause/WEB_2Bundesliga.sh.cfg!
DEVICE=0123456789ABCDEF
URL=http://it-userdesk.de/dl/mediathek/radio/1lidiggi.m3u
PIC=https://mobiltext.wdr.de/228.html
Sa 18. Mär 00:08:51 CET 2023 INF WEBPAGE.sh app in foreground is:   mCurrentFocus=Window{2c8e8267 u0 com.android.browser/com.android.browser.BrowserActivity}
Sa 18. Mär 00:08:51 CET 2023 INF WEBPAGE.sh try to call webpage https://mobiltext.wdr.de/228.html.
Sa 18. Mär 00:08:52 CET 2023 INF WEBPAGE.sh Stream is already playing skip recall.
Sa 18. Mär 00:08:54 CET 2023 WAR WEBPAGE.sh has lockfile but is not running!
Sa 18. Mär 00:08:54 CET 2023 startup /opt/lissi/fc/WEBPAGE.sh with ARG1 WEB_3Bundesliga
PLAYERCFG=/opt/lissi/fc/DEVICE.cfg
ARG1=WEB_3Bundesliga
Sa 18. Mär 00:08:54 CET 2023 INF WEBPAGE.sh using url from /opt/lissi/fc/media/brause/WEB_3Bundesliga.sh.cfg!
DEVICE=0123456789ABCDEF
URL=http://it-userdesk.de/dl/mediathek/radio/1lidiggi.m3u
PIC=https://mobiltext.wdr.de/231.html
Sa 18. Mär 00:08:54 CET 2023 INF WEBPAGE.sh app in foreground is:   mCurrentFocus=Window{2c8e8267 u0 com.android.browser/com.android.browser.BrowserActivity}
Sa 18. Mär 00:08:54 CET 2023 INF WEBPAGE.sh try to call webpage https://mobiltext.wdr.de/231.html.
Sa 18. Mär 00:08:55 CET 2023 INF WEBPAGE.sh Stream is already playing skip recall.
Sa 18. Mär 00:09:04 CET 2023 WAR WEBPAGE.sh has lockfile but is not running!
Sa 18. Mär 00:09:04 CET 2023 startup /opt/lissi/fc/WEBPAGE.sh with ARG1 WEB_1Bundesliga
PLAYERCFG=/opt/lissi/fc/DEVICE.cfg
ARG1=WEB_1Bundesliga
Sa 18. Mär 00:09:04 CET 2023 WAR WEBPAGE.sh duplicate files found for WEB_1Bundesliga.sh.cfg!
Sa 18. Mär 00:09:04 CET 2023 INF WEBPAGE.sh using url from /opt/lissi/fc/WEB_1Bundesliga.sh.cfg!
DEVICE=0123456789ABCDEF
URL=http://it-userdesk.de/dl/mediathek/radio/1lidiggi.m3u
PIC=https://mobiltext.wdr.de/225.html
Sa 18. Mär 00:09:05 CET 2023 INF WEBPAGE.sh app in foreground is:   mCurrentFocus=Window{2c8e8267 u0 com.android.browser/com.android.browser.BrowserActivity}
Sa 18. Mär 00:09:05 CET 2023 INF WEBPAGE.sh try to call webpage https://mobiltext.wdr.de/225.html.
Sa 18. Mär 00:09:05 CET 2023 INF WEBPAGE.sh Stream is already playing skip recall.
Sa 18. Mär 00:10:45 CET 2023 WAR WEBPAGE.sh has lockfile but is not running!
Sa 18. Mär 00:10:45 CET 2023 startup /opt/lissi/fc/WEBPAGE.sh with ARG1 WEB_1Bundesliga
PLAYERCFG=/opt/lissi/fc/DEVICE.cfg
ARG1=WEB_1Bundesliga
Sa 18. Mär 00:10:45 CET 2023 WAR WEBPAGE.sh duplicate files found for WEB_1Bundesliga.sh.cfg!
Sa 18. Mär 00:10:45 CET 2023 INF WEBPAGE.sh using url from /opt/lissi/fc/WEB_1Bundesliga.sh.cfg!
DEVICE=0123456789ABCDEF
URL=http://it-userdesk.de/dl/mediathek/radio/1lidiggi.m3u
PIC=https://mobiltext.wdr.de/225.html
Sa 18. Mär 00:10:45 CET 2023 INF WEBPAGE.sh app in foreground is:   mCurrentFocus=Window{1be6c336 u0 dream}
Sa 18. Mär 00:10:47 CET 2023 INF WEBPAGE.sh try to call webpage https://mobiltext.wdr.de/225.html.
Sa 18. Mär 00:10:47 CET 2023 INF WEBPAGE.sh Stream is already playing skip recall.
Sa 18. Mär 00:12:19 CET 2023 WAR WEBPAGE.sh has lockfile but is not running!
Sa 18. Mär 00:12:19 CET 2023 startup /opt/lissi/fc/WEBPAGE.sh with ARG1 WEB_2Bundesliga
PLAYERCFG=/opt/lissi/fc/DEVICE.cfg
ARG1=WEB_2Bundesliga
Sa 18. Mär 00:12:19 CET 2023 INF WEBPAGE.sh using url from /opt/lissi/fc/media/brause/WEB_2Bundesliga.sh.cfg!
DEVICE=0123456789ABCDEF
URL=http://it-userdesk.de/dl/mediathek/radio/1lidiggi.m3u
PIC=https://mobiltext.wdr.de/228.html
Sa 18. Mär 00:12:19 CET 2023 INF WEBPAGE.sh app in foreground is:   mCurrentFocus=Window{724ae11 u0 dream}
Sa 18. Mär 00:12:20 CET 2023 INF WEBPAGE.sh try to call webpage https://mobiltext.wdr.de/228.html.
Sa 18. Mär 00:12:21 CET 2023 INF WEBPAGE.sh Stream is already playing skip recall.
Sa 18. Mär 00:13:28 CET 2023 startup /opt/lissi/fc/RPLAYER.sh with ARG1 ausklang
PLAYERCFG=/opt/lissi/fc/DEVICE.cfg
ARG1=ausklang
Sa 18. Mär 00:13:29 CET 2023 INF RPLAYER.sh using url from /opt/lissi/fc/media/radio/other/ausklang.sh.cfg!
DEVICE=0123456789ABCDEF
URL=http://it-userdesk.de/dl/mediathek/radio/ausklang.m3u
PIC=http://it-userdesk.de/dl/mediathek/radio/ausklang.html
Sa 18. Mär 00:13:29 CET 2023 INF RPLAYER.sh try to call station logo http://it-userdesk.de/dl/mediathek/radio/ausklang.html.
Sa 18. Mär 00:13:30 CET 2023 INF RPLAYER.sh playback detected - going to stop this.
Sa 18. Mär 00:13:31 CET 2023 INF RPLAYER.sh app in foreground is:   mCurrentFocus=Window{2c8e8267 u0 com.android.browser/com.android.browser.BrowserActivity}
Sa 18. Mär 00:13:31 CET 2023 INF try to call vlc.
Sa 18. Mär 00:13:37 CET 2023 INF RPLAYER.sh media playback detected.
Sa 18. Mär 00:13:52 CET 2023 startup /opt/lissi/fc/RPLAYER.sh with ARG1 1lidiggi
PLAYERCFG=/opt/lissi/fc/DEVICE.cfg
ARG1=1lidiggi
Sa 18. Mär 00:13:52 CET 2023 INF RPLAYER.sh using url from /opt/lissi/fc/media/radio/wdr/1lidiggi.sh.cfg!
DEVICE=0123456789ABCDEF
URL=http://it-userdesk.de/dl/mediathek/radio/1lidiggi.m3u
PIC=http://it-userdesk.de/dl/mediathek/radio/1lidiggi.html
Sa 18. Mär 00:13:52 CET 2023 INF RPLAYER.sh try to call station logo http://it-userdesk.de/dl/mediathek/radio/1lidiggi.html.
Sa 18. Mär 00:13:53 CET 2023 INF RPLAYER.sh playback detected - going to stop this.
Sa 18. Mär 00:13:54 CET 2023 INF RPLAYER.sh app in foreground is:   mCurrentFocus=Window{2c8e8267 u0 com.android.browser/com.android.browser.BrowserActivity}
Sa 18. Mär 00:13:54 CET 2023 INF try to call vlc.
Sa 18. Mär 00:14:00 CET 2023 INF RPLAYER.sh media playback detected.
Sa 18. Mär 00:14:31 CET 2023 startup /opt/lissi/fc/RPLAYER.sh with ARG1 wdr2
PLAYERCFG=/opt/lissi/fc/DEVICE.cfg
ARG1=wdr2
Sa 18. Mär 00:14:31 CET 2023 INF RPLAYER.sh using url from /opt/lissi/fc/media/radio/wdr/wdr2.sh.cfg!
DEVICE=0123456789ABCDEF
URL=http://it-userdesk.de/dl/mediathek/radio/wdr2bl.m3u
PIC=http://it-userdesk.de/dl/mediathek/radio/wdr2bl.html
Sa 18. Mär 00:14:31 CET 2023 INF RPLAYER.sh try to call station logo http://it-userdesk.de/dl/mediathek/radio/wdr2bl.html.
Sa 18. Mär 00:14:31 CET 2023 INF RPLAYER.sh playback detected - going to stop this.
Sa 18. Mär 00:14:33 CET 2023 INF RPLAYER.sh app in foreground is:   mCurrentFocus=Window{2c8e8267 u0 com.android.browser/com.android.browser.BrowserActivity}
Sa 18. Mär 00:14:33 CET 2023 INF try to call vlc.
Sa 18. Mär 00:14:39 CET 2023 INF RPLAYER.sh media playback detected.
Sa 18. Mär 00:15:36 CET 2023 startup /opt/lissi/fc/RPLAYER.sh with ARG1 1live
PLAYERCFG=/opt/lissi/fc/DEVICE.cfg
ARG1=1live
Sa 18. Mär 00:15:36 CET 2023 INF RPLAYER.sh using url from /opt/lissi/fc/media/radio/wdr/1live.sh.cfg!
DEVICE=0123456789ABCDEF
URL=http://it-userdesk.de/dl/mediathek/radio/1live.m3u
PIC=http://it-userdesk.de/dl/mediathek/radio/1live.html
Sa 18. Mär 00:15:36 CET 2023 INF RPLAYER.sh try to call station logo http://it-userdesk.de/dl/mediathek/radio/1live.html.
Sa 18. Mär 00:15:37 CET 2023 INF RPLAYER.sh playback detected - going to stop this.
Sa 18. Mär 00:15:38 CET 2023 INF RPLAYER.sh app in foreground is:   mCurrentFocus=Window{2c8e8267 u0 com.android.browser/com.android.browser.BrowserActivity}
Sa 18. Mär 00:15:38 CET 2023 INF try to call vlc.
Sa 18. Mär 00:15:44 CET 2023 INF RPLAYER.sh media playback detected.
Sa 18. Mär 00:16:09 CET 2023 startup /opt/lissi/fc/RPLAYER.sh with ARG1 wdr2
PLAYERCFG=/opt/lissi/fc/DEVICE.cfg
ARG1=wdr2
Sa 18. Mär 00:16:09 CET 2023 INF RPLAYER.sh using url from /opt/lissi/fc/media/radio/wdr/wdr2.sh.cfg!
DEVICE=0123456789ABCDEF
URL=http://it-userdesk.de/dl/mediathek/radio/wdr2bl.m3u
PIC=http://it-userdesk.de/dl/mediathek/radio/wdr2bl.html
Sa 18. Mär 00:16:09 CET 2023 INF RPLAYER.sh try to call station logo http://it-userdesk.de/dl/mediathek/radio/wdr2bl.html.
Sa 18. Mär 00:16:11 CET 2023 INF RPLAYER.sh app in foreground is:   mCurrentFocus=null
Sa 18. Mär 00:16:11 CET 2023 INF try to call vlc.
Sa 18. Mär 00:16:17 CET 2023 INF RPLAYER.sh media playback detected.
Sa 18. Mär 00:16:27 CET 2023 startup /opt/lissi/fc/RPLAYER.sh with ARG1 cosmo
PLAYERCFG=/opt/lissi/fc/DEVICE.cfg
ARG1=cosmo
Sa 18. Mär 00:16:27 CET 2023 INF RPLAYER.sh using url from /opt/lissi/fc/media/radio/wdr/cosmo.sh.cfg!
DEVICE=0123456789ABCDEF
URL=http://it-userdesk.de/dl/mediathek/radio/cosmo.m3u
PIC=http://it-userdesk.de/dl/mediathek/radio/cosmo.html
Sa 18. Mär 00:16:27 CET 2023 INF RPLAYER.sh try to call station logo http://it-userdesk.de/dl/mediathek/radio/cosmo.html.
Sa 18. Mär 00:16:28 CET 2023 INF RPLAYER.sh playback detected - going to stop this.
Sa 18. Mär 00:16:29 CET 2023 INF RPLAYER.sh app in foreground is:   mCurrentFocus=Window{21ea85a9 u0 com.android.browser/com.android.browser.BrowserActivity}
Sa 18. Mär 00:16:29 CET 2023 INF try to call vlc.
Sa 18. Mär 00:16:35 CET 2023 INF RPLAYER.sh media playback detected.
Sa 18. Mär 00:16:43 CET 2023 WAR WEBPAGE.sh has lockfile but is not running!
Sa 18. Mär 00:16:43 CET 2023 startup /opt/lissi/fc/WEBPAGE.sh with ARG1 WEB_1Bundesliga
PLAYERCFG=/opt/lissi/fc/DEVICE.cfg
ARG1=WEB_1Bundesliga
Sa 18. Mär 00:16:43 CET 2023 WAR WEBPAGE.sh duplicate files found for WEB_1Bundesliga.sh.cfg!
Sa 18. Mär 00:16:43 CET 2023 INF WEBPAGE.sh using url from /opt/lissi/fc/WEB_1Bundesliga.sh.cfg!
DEVICE=0123456789ABCDEF
URL=http://it-userdesk.de/dl/mediathek/radio/1lidiggi.m3u
PIC=https://mobiltext.wdr.de/225.html
Sa 18. Mär 00:16:43 CET 2023 INF WEBPAGE.sh app in foreground is:   mCurrentFocus=Window{21ea85a9 u0 com.android.browser/com.android.browser.BrowserActivity}
Sa 18. Mär 00:16:43 CET 2023 INF WEBPAGE.sh try to call webpage https://mobiltext.wdr.de/225.html.
Sa 18. Mär 00:16:44 CET 2023 INF WEBPAGE.sh Stream is already playing skip recall.
Sa 18. Mär 00:17:27 CET 2023 WAR WEBPAGE.sh has lockfile but is not running!
Sa 18. Mär 00:17:27 CET 2023 startup /opt/lissi/fc/WEBPAGE.sh with ARG1 WEB_3Bundesliga
PLAYERCFG=/opt/lissi/fc/DEVICE.cfg
ARG1=WEB_3Bundesliga
Sa 18. Mär 00:17:27 CET 2023 INF WEBPAGE.sh using url from /opt/lissi/fc/media/brause/WEB_3Bundesliga.sh.cfg!
DEVICE=0123456789ABCDEF
URL=http://it-userdesk.de/dl/mediathek/radio/1lidiggi.m3u
PIC=https://mobiltext.wdr.de/231.html
Sa 18. Mär 00:17:28 CET 2023 INF WEBPAGE.sh app in foreground is:   mCurrentFocus=Window{21ea85a9 u0 com.android.browser/com.android.browser.BrowserActivity}
Sa 18. Mär 00:17:28 CET 2023 INF WEBPAGE.sh try to call webpage https://mobiltext.wdr.de/231.html.
Sa 18. Mär 00:17:28 CET 2023 INF WEBPAGE.sh Stream is already playing skip recall.
Sa 18. Mär 00:17:32 CET 2023 WAR WEBPAGE.sh has lockfile but is not running!
Sa 18. Mär 00:17:32 CET 2023 startup /opt/lissi/fc/WEBPAGE.sh with ARG1 WEB_2Bundesliga
PLAYERCFG=/opt/lissi/fc/DEVICE.cfg
ARG1=WEB_2Bundesliga
Sa 18. Mär 00:17:32 CET 2023 INF WEBPAGE.sh using url from /opt/lissi/fc/media/brause/WEB_2Bundesliga.sh.cfg!
DEVICE=0123456789ABCDEF
URL=http://it-userdesk.de/dl/mediathek/radio/1lidiggi.m3u
PIC=https://mobiltext.wdr.de/228.html
Sa 18. Mär 00:17:32 CET 2023 INF WEBPAGE.sh app in foreground is:   mCurrentFocus=Window{37883b51 u0 dream}
Sa 18. Mär 00:17:33 CET 2023 INF WEBPAGE.sh try to call webpage https://mobiltext.wdr.de/228.html.
Sa 18. Mär 00:17:34 CET 2023 INF WEBPAGE.sh Stream is already playing skip recall.
Sa 18. Mär 00:17:48 CET 2023 WAR WEBPAGE.sh has lockfile but is not running!
Sa 18. Mär 00:17:48 CET 2023 startup /opt/lissi/fc/WEBPAGE.sh with ARG1 WEB_RLW
PLAYERCFG=/opt/lissi/fc/DEVICE.cfg
ARG1=WEB_RLW
Sa 18. Mär 00:17:48 CET 2023 INF WEBPAGE.sh using url from /opt/lissi/fc/media/brause/WEB_RLW.sh.cfg!
DEVICE=0123456789ABCDEF
URL=http://it-userdesk.de/dl/mediathek/radio/1lidiggi.m3u
PIC=https://mobiltext.wdr.de/233.html
Sa 18. Mär 00:17:49 CET 2023 INF WEBPAGE.sh app in foreground is:   mCurrentFocus=Window{21ea85a9 u0 com.android.browser/com.android.browser.BrowserActivity}
Sa 18. Mär 00:17:49 CET 2023 INF WEBPAGE.sh try to call webpage https://mobiltext.wdr.de/233.html.
Sa 18. Mär 00:17:50 CET 2023 INF WEBPAGE.sh Stream is already playing skip recall.
Sa 18. Mär 00:17:53 CET 2023 WAR WEBPAGE.sh has lockfile but is not running!
Sa 18. Mär 00:17:53 CET 2023 startup /opt/lissi/fc/WEBPAGE.sh with ARG1 WEB_radio-net
PLAYERCFG=/opt/lissi/fc/DEVICE.cfg
ARG1=WEB_radio-net
Sa 18. Mär 00:17:54 CET 2023 WAR WEBPAGE.sh duplicate files found for WEB_radio-net.sh.cfg!
Sa 18. Mär 00:17:54 CET 2023 INF WEBPAGE.sh using url from /opt/lissi/fc/WEB_radio-net.sh.cfg!
DEVICE=0123456789ABCDEF
URL=http://it-userdesk.de/dl/mediathek/radio/1lidiggi.m3u
PIC=https://www.radio.net/search?q=1live
Sa 18. Mär 00:17:54 CET 2023 INF WEBPAGE.sh app in foreground is:   mCurrentFocus=Window{21ea85a9 u0 com.android.browser/com.android.browser.BrowserActivity}
Sa 18. Mär 00:17:54 CET 2023 INF WEBPAGE.sh try to call webpage https://www.radio.net/search?q=1live.
Sa 18. Mär 00:17:55 CET 2023 INF WEBPAGE.sh Stream is already playing skip recall.
Sa 18. Mär 00:17:58 CET 2023 WAR WEBPAGE.sh has lockfile but is not running!
Sa 18. Mär 00:17:58 CET 2023 startup /opt/lissi/fc/WEBPAGE.sh with ARG1 WEB_1Bundesliga
PLAYERCFG=/opt/lissi/fc/DEVICE.cfg
ARG1=WEB_1Bundesliga
Sa 18. Mär 00:17:58 CET 2023 WAR WEBPAGE.sh duplicate files found for WEB_1Bundesliga.sh.cfg!
Sa 18. Mär 00:17:58 CET 2023 INF WEBPAGE.sh using url from /opt/lissi/fc/WEB_1Bundesliga.sh.cfg!
DEVICE=0123456789ABCDEF
URL=http://it-userdesk.de/dl/mediathek/radio/1lidiggi.m3u
PIC=https://mobiltext.wdr.de/225.html
Sa 18. Mär 00:17:58 CET 2023 INF WEBPAGE.sh app in foreground is:   mCurrentFocus=Window{21ea85a9 u0 com.android.browser/com.android.browser.BrowserActivity}
Sa 18. Mär 00:17:58 CET 2023 INF WEBPAGE.sh try to call webpage https://mobiltext.wdr.de/225.html.
Sa 18. Mär 00:17:59 CET 2023 INF WEBPAGE.sh Stream is already playing skip recall.
Sa 18. Mär 00:18:01 CET 2023 WAR WEBPAGE.sh has lockfile but is not running!
Sa 18. Mär 00:18:01 CET 2023 startup /opt/lissi/fc/WEBPAGE.sh with ARG1 WEB_stopstream
PLAYERCFG=/opt/lissi/fc/DEVICE.cfg
ARG1=WEB_stopstream
Sa 18. Mär 00:18:01 CET 2023 INF WEBPAGE.sh using url from /opt/lissi/fc/media/brause/WEB_stopstream.sh.cfg!
DEVICE=0123456789ABCDEF
URL=http://it-userdesk.de/dl/mediathek/radio/ausklang.m3u
PIC=NIL
Sa 18. Mär 00:18:01 CET 2023 INF WEBPAGE.sh app in foreground is:   mCurrentFocus=Window{21ea85a9 u0 com.android.browser/com.android.browser.BrowserActivity}
Sa 18. Mär 00:18:01 CET 2023 INF WEBPAGE.sh no webcall, just stop background.
Sa 18. Mär 00:18:01 CET 2023 INF WEBPAGE.sh try to call vlc and exit.
Sa 18. Mär 00:18:14 CET 2023 WAR WEBPAGE.sh has lockfile but is not running!
Sa 18. Mär 00:18:14 CET 2023 startup /opt/lissi/fc/WEBPAGE.sh with ARG1 WEB_2Bundesliga
PLAYERCFG=/opt/lissi/fc/DEVICE.cfg
ARG1=WEB_2Bundesliga
Sa 18. Mär 00:18:14 CET 2023 INF WEBPAGE.sh using url from /opt/lissi/fc/media/brause/WEB_2Bundesliga.sh.cfg!
DEVICE=0123456789ABCDEF
URL=http://it-userdesk.de/dl/mediathek/radio/1lidiggi.m3u
PIC=https://mobiltext.wdr.de/228.html
Sa 18. Mär 00:18:14 CET 2023 INF WEBPAGE.sh app in foreground is:   mCurrentFocus=Window{21ea85a9 u0 com.android.browser/com.android.browser.BrowserActivity}
Sa 18. Mär 00:18:14 CET 2023 INF WEBPAGE.sh try to call webpage https://mobiltext.wdr.de/228.html.
Sa 18. Mär 00:18:15 CET 2023 INF WEBPAGE.sh Stream is already playing skip recall.
Sa 18. Mär 00:18:20 CET 2023 WAR WEBPAGE.sh has lockfile but is not running!
Sa 18. Mär 00:18:20 CET 2023 startup /opt/lissi/fc/WEBPAGE.sh with ARG1 WEB_3Bundesliga
PLAYERCFG=/opt/lissi/fc/DEVICE.cfg
ARG1=WEB_3Bundesliga
Sa 18. Mär 00:18:20 CET 2023 INF WEBPAGE.sh using url from /opt/lissi/fc/media/brause/WEB_3Bundesliga.sh.cfg!
DEVICE=0123456789ABCDEF
URL=http://it-userdesk.de/dl/mediathek/radio/1lidiggi.m3u
PIC=https://mobiltext.wdr.de/231.html
Sa 18. Mär 00:18:20 CET 2023 INF WEBPAGE.sh app in foreground is:   mCurrentFocus=Window{21ea85a9 u0 com.android.browser/com.android.browser.BrowserActivity}
Sa 18. Mär 00:18:20 CET 2023 INF WEBPAGE.sh try to call webpage https://mobiltext.wdr.de/231.html.
Sa 18. Mär 00:18:21 CET 2023 INF try to call vlc.
Sa 18. Mär 00:18:22 CET 2023 INF /opt/lissi/fc/WEBPAGE.sh done.
Sa 18. Mär 00:18:30 CET 2023 startup /opt/lissi/fc/WEBPAGE.sh with ARG1 WEB_stopstream
PLAYERCFG=/opt/lissi/fc/DEVICE.cfg
ARG1=WEB_stopstream
Sa 18. Mär 00:18:30 CET 2023 INF WEBPAGE.sh using url from /opt/lissi/fc/media/brause/WEB_stopstream.sh.cfg!
DEVICE=0123456789ABCDEF
URL=http://it-userdesk.de/dl/mediathek/radio/ausklang.m3u
PIC=NIL
Sa 18. Mär 00:18:30 CET 2023 INF WEBPAGE.sh app in foreground is:   mCurrentFocus=Window{21ea85a9 u0 com.android.browser/com.android.browser.BrowserActivity}
Sa 18. Mär 00:18:30 CET 2023 INF WEBPAGE.sh no webcall, just stop background.
Sa 18. Mär 00:18:30 CET 2023 INF WEBPAGE.sh try to call vlc and exit.
Sa 18. Mär 00:18:43 CET 2023 startup /opt/lissi/fc/KEYCODE.sh with ARG1 K_BACK
PLAYERCFG=/opt/lissi/fc/DEVICE.cfg
ARG1=K_BACK
Sa 18. Mär 00:18:43 CET 2023 INF KEYCODE.sh using keycode from /opt/lissi/fc/keyevent/K_BACK.sh.cfg!
DEVICE=0123456789ABCDEF
Sa 18. Mär 01:08:48 CET 2023 startup /opt/lissi/fc/TVPLAYER.sh with ARG1 TV_WDR
PLAYERCFG=/opt/lissi/fc/DEVICE.cfg
ARG1=TV_WDR
Sa 18. Mär 01:08:49 CET 2023 INF TVPLAYER.sh using url from /opt/lissi/fc/media/tv/TV_WDR.sh.cfg!
DEVICE=G070VM19049537EG
URL=https://wdrlokalzeit.akamaized.net/hls/live/2018028-b/wdrlz_wuppertal/master.m3u8
Sa 18. Mär 01:08:49 CET 2023 INF TVPLAYER.sh app in foreground is:   mCurrentFocus=Window{1068d57 u0 com.pecana.iptvextreme/com.pecana.iptvextreme.VideoActivityExo}
Sa 18. Mär 01:08:54 CET 2023 INF TVPLAYER.sh done!
Sa 18. Mär 01:09:05 CET 2023 startup /opt/lissi/fc/TVPLAYER.sh with ARG1 TV_ARD
PLAYERCFG=/opt/lissi/fc/DEVICE.cfg
ARG1=TV_ARD
Sa 18. Mär 01:09:05 CET 2023 INF TVPLAYER.sh using url from /opt/lissi/fc/media/tv/TV_ARD.sh.cfg!
DEVICE=G070VM19049537EG
URL=https://derste247livede.akamaized.net/hls/live/658317/daserste_de/master.m3u8
Sa 18. Mär 01:09:06 CET 2023 INF TVPLAYER.sh app in foreground is:   mCurrentFocus=Window{8d8fc05 u0 com.pecana.iptvextreme/com.pecana.iptvextreme.VideoActivityExo}
Sa 18. Mär 01:09:10 CET 2023 INF TVPLAYER.sh done!
Sa 18. Mär 01:09:20 CET 2023 startup /opt/lissi/fc/TVPLAYER.sh with ARG1 TV_ZDF
PLAYERCFG=/opt/lissi/fc/DEVICE.cfg
ARG1=TV_ZDF
Sa 18. Mär 01:09:20 CET 2023 INF TVPLAYER.sh using url from /opt/lissi/fc/media/tv/TV_ZDF.sh.cfg!
DEVICE=G070VM19049537EG
URL=https://zdf-hls-15.akamaized.net/hls/live/2016498/de/veryhigh/master.m3u8
Sa 18. Mär 01:09:20 CET 2023 INF TVPLAYER.sh app in foreground is:   mCurrentFocus=Window{2ecc0f8 u0 com.pecana.iptvextreme/com.pecana.iptvextreme.VideoActivityExo}
Sa 18. Mär 01:09:24 CET 2023 INF TVPLAYER.sh done!
