Fr 17. Mär 13:06:52 CET 2023 INF found LOCAL_DEVICE: GS185CTKA01082
Fr 17. Mär 16:27:20 CET 2023 INF found LOCAL_DEVICE: 0123456789ABCDEF
Fr 17. Mär 16:27:20 CET 2023 INF found LOCAL_DEVICE: GS185CTKA01082
Fr 17. Mär 16:29:37 CET 2023 INF found LOCAL_DEVICE: 0123456789ABCDEF
Fr 17. Mär 16:29:37 CET 2023 INF found LOCAL_DEVICE: GS185CTKA01082
Fr 17. Mär 16:29:43 CET 2023 INF found LOCAL_DEVICE: 0123456789ABCDEF
Fr 17. Mär 16:29:43 CET 2023 INF found LOCAL_DEVICE: GS185CTKA01082
Fr 17. Mär 16:29:47 CET 2023 INF found LOCAL_DEVICE: 0123456789ABCDEF
Fr 17. Mär 16:29:47 CET 2023 INF found LOCAL_DEVICE: GS185CTKA01082
Fr 17. Mär 16:40:42 CET 2023 ERR missing deviceID call: ./SET_DEFAULT_DEVICE.sh devID
Fr 17. Mär 16:45:02 CET 2023 INF found LOCAL_DEVICE: 0123456789ABCDEF
Fr 17. Mär 16:45:02 CET 2023 INF found LOCAL_DEVICE: GS185CTKA01082
Fr 17. Mär 16:45:06 CET 2023 INF found LOCAL_DEVICE: 0123456789ABCDEF
Fr 17. Mär 16:45:06 CET 2023 INF found LOCAL_DEVICE: GS185CTKA01082
Fr 17. Mär 17:02:28 CET 2023 INF found LOCAL_DEVICE: 0123456789ABCDEF
Fr 17. Mär 17:02:28 CET 2023 INF found LOCAL_DEVICE: GS185CTKA01082
Fr 17. Mär 17:03:42 CET 2023 INF found LOCAL_DEVICE: 0123456789ABCDEF
Fr 17. Mär 17:03:42 CET 2023 INF found LOCAL_DEVICE: GS185CTKA01082
Fr 17. Mär 17:03:47 CET 2023 INF found LOCAL_DEVICE: 0123456789ABCDEF
Fr 17. Mär 17:03:47 CET 2023 INF found LOCAL_DEVICE: GS185CTKA01082
Fr 17. Mär 17:04:37 CET 2023 INF found LOCAL_DEVICE: 0123456789ABCDEF
Fr 17. Mär 17:04:37 CET 2023 INF found LOCAL_DEVICE: GS185CTKA01082
Fr 17. Mär 17:04:41 CET 2023 INF found LOCAL_DEVICE: 0123456789ABCDEF
Fr 17. Mär 17:04:41 CET 2023 INF found LOCAL_DEVICE: GS185CTKA01082
Fr 17. Mär 17:04:49 CET 2023 INF found LOCAL_DEVICE: 0123456789ABCDEF
Fr 17. Mär 17:04:49 CET 2023 INF found LOCAL_DEVICE: GS185CTKA01082
Fr 17. Mär 17:04:50 CET 2023 INF found LOCAL_DEVICE: 0123456789ABCDEF
Fr 17. Mär 17:04:50 CET 2023 INF found LOCAL_DEVICE: GS185CTKA01082
Fr 17. Mär 17:05:09 CET 2023 INF found LOCAL_DEVICE: 0123456789ABCDEF
Fr 17. Mär 17:05:09 CET 2023 INF found LOCAL_DEVICE: GS185CTKA01082
Fr 17. Mär 17:05:45 CET 2023 INF found LOCAL_DEVICE: 0123456789ABCDEF
Fr 17. Mär 17:05:45 CET 2023 INF found LOCAL_DEVICE: GS185CTKA01082
Fr 17. Mär 17:05:47 CET 2023 INF found LOCAL_DEVICE: 0123456789ABCDEF
Fr 17. Mär 17:05:47 CET 2023 INF found LOCAL_DEVICE: GS185CTKA01082
Fr 17. Mär 17:06:03 CET 2023 INF found LOCAL_DEVICE: 0123456789ABCDEF
Fr 17. Mär 17:06:03 CET 2023 INF found LOCAL_DEVICE: GS185CTKA01082
Fr 17. Mär 17:08:34 CET 2023 INF found LOCAL_DEVICE: 0123456789ABCDEF
Fr 17. Mär 17:08:34 CET 2023 INF found LOCAL_DEVICE: GS185CTKA01082
Fr 17. Mär 17:12:39 CET 2023 INF found LOCAL_DEVICE: G070VM19049537EG
Fr 17. Mär 17:13:14 CET 2023 INF found LOCAL_DEVICE: G070VM19049537EG
Fr 17. Mär 17:16:56 CET 2023 INF found LOCAL_DEVICE: G070VM19049537EG
Fr 17. Mär 17:16:56 CET 2023 INF changed global devID to 0123456789ABCDEF
Fr 17. Mär 17:17:21 CET 2023 INF found LOCAL_DEVICE: G070VM19049537EG
Fr 17. Mär 17:17:21 CET 2023 INF changed global devID to 0123456789ABCDEF
Fr 17. Mär 17:19:38 CET 2023 INF changed global devID to GS185CTKA01082
Fr 17. Mär 17:20:00 CET 2023 INF found LOCAL_DEVICE: G070VM19049537EG
Fr 17. Mär 17:20:00 CET 2023 INF changed global devID to 0123456789ABCDEF
Fr 17. Mär 17:20:25 CET 2023 INF found LOCAL_DEVICE: G070VM19049537EG
Fr 17. Mär 17:20:25 CET 2023 INF changed global devID to 0123456789ABCDEF
Fr 17. Mär 17:20:33 CET 2023 INF found LOCAL_DEVICE: G070VM19049537EG
Fr 17. Mär 17:20:34 CET 2023 INF changed global devID to 0123456789ABCDEF
Fr 17. Mär 17:24:51 CET 2023 INF found LOCAL_DEVICE: G070VM19049537EG
Fr 17. Mär 17:24:51 CET 2023 INF SET_DEFAULT_DEVICE.sh changed global devID to 0123456789ABCDEF
Fr 17. Mär 17:26:15 CET 2023 INF SET_DEFAULT_DEVICE.sh changed global devID to GS185CTKA01082
Fr 17. Mär 17:29:54 CET 2023 INF SET_DEFAULT_DEVICE.sh changed global devID to 0123456789ABCDEF
Fr 17. Mär 17:31:26 CET 2023 INF SET_DEFAULT_DEVICE.sh changed global devID to G070VM19049537EG
Fr 17. Mär 17:34:46 CET 2023 INF SET_DEFAULT_DEVICE.sh changed global devID to 0123456789ABCDEF
Fr 17. Mär 17:35:10 CET 2023 INF SET_DEFAULT_DEVICE.sh changed global devID to G070VM19049537EG
